Using pre-set license
Built from '2022.3/staging' branch; Version is '2022.3.15f1 (b58023a2b463) revision 11894819'; Using compiler version '192829333'; Build Type 'Release'
OS: 'Windows 10  (10.0.19045) 64bit Core' Language: 'en' Physical Memory: 16294 MB
BatchMode: 1, IsHumanControllingUs: 0, StartBugReporterOnCrash: 0, Is64bit: 1, IsPro: 1

COMMAND LINE ARGUMENTS:
D:\Unity\2022.3.15f1\Editor\Unity.exe
-adb2
-batchMode
-noUpm
-name
AssetImportWorker4
-projectPath
C:/Users/Cubis/Documents/GitHub/Stu/New Unity Project (2)
-logFile
Logs/AssetImportWorker4.log
-srvPort
58128
Successfully changed project path to: C:/Users/Cubis/Documents/GitHub/Stu/New Unity Project (2)
C:/Users/Cubis/Documents/GitHub/Stu/New Unity Project (2)
[UnityMemory] Configuration Parameters - Can be set up in boot.config
    "memorysetup-bucket-allocator-granularity=16"
    "memorysetup-bucket-allocator-bucket-count=8"
    "memorysetup-bucket-allocator-block-size=33554432"
    "memorysetup-bucket-allocator-block-count=8"
    "memorysetup-main-allocator-block-size=16777216"
    "memorysetup-thread-allocator-block-size=16777216"
    "memorysetup-gfx-main-allocator-block-size=16777216"
    "memorysetup-gfx-thread-allocator-block-size=16777216"
    "memorysetup-cache-allocator-block-size=4194304"
    "memorysetup-typetree-allocator-block-size=2097152"
    "memorysetup-profiler-bucket-allocator-granularity=16"
    "memorysetup-profiler-bucket-allocator-bucket-count=8"
    "memorysetup-profiler-bucket-allocator-block-size=33554432"
    "memorysetup-profiler-bucket-allocator-block-count=8"
    "memorysetup-profiler-allocator-block-size=16777216"
    "memorysetup-profiler-editor-allocator-block-size=1048576"
    "memorysetup-temp-allocator-size-main=16777216"
    "memorysetup-job-temp-allocator-block-size=2097152"
    "memorysetup-job-temp-allocator-block-size-background=1048576"
    "memorysetup-job-temp-allocator-reduction-small-platforms=262144"
    "memorysetup-allocator-temp-initial-block-size-main=262144"
    "memorysetup-allocator-temp-initial-block-size-worker=262144"
    "memorysetup-temp-allocator-size-background-worker=32768"
    "memorysetup-temp-allocator-size-job-worker=262144"
    "memorysetup-temp-allocator-size-preload-manager=33554432"
    "memorysetup-temp-allocator-size-nav-mesh-worker=65536"
    "memorysetup-temp-allocator-size-audio-worker=65536"
    "memorysetup-temp-allocator-size-cloud-worker=32768"
    "memorysetup-temp-allocator-size-gi-baking-worker=262144"
    "memorysetup-temp-allocator-size-gfx=262144"
Player connection [29520] Host "[IP] 192.168.0.67 [Port] 0 [Flags] 2 [Guid] 2008200101 [EditorId] 2008200101 [Version] 1048832 [Id] WindowsEditor(7,STU-DESKTOP) [Debug] 1 [PackageName] WindowsEditor [ProjectName] Editor" joined multi-casting on [225.0.0.222:54997]...

Player connection [29520] Host "[IP] 192.168.0.67 [Port] 0 [Flags] 2 [Guid] 2008200101 [EditorId] 2008200101 [Version] 1048832 [Id] WindowsEditor(7,STU-DESKTOP) [Debug] 1 [PackageName] WindowsEditor [ProjectName] Editor" joined alternative multi-casting on [225.0.0.222:34997]...

[Physics::Module] Initialized MultithreadedJobDispatcher with 15 workers.
Refreshing native plugins compatible for Editor in 12.39 ms, found 5 plugins.
Preloading 0 native plugins for Editor in 0.00 ms.
Initialize engine version: 2022.3.15f1 (b58023a2b463)
[Subsystems] Discovering subsystems at path D:/Unity/2022.3.15f1/Editor/Data/Resources/UnitySubsystems
[Subsystems] Discovering subsystems at path C:/Users/Cubis/Documents/GitHub/Stu/New Unity Project (2)/Assets
GfxDevice: creating device client; threaded=0; jobified=0
Direct3D:
    Version:  Direct3D 11.0 [level 11.1]
    Renderer: NVIDIA GeForce RTX 2060 SUPER (ID=0x1f06)
    Vendor:   NVIDIA
    VRAM:     8019 MB
    Driver:   31.0.15.3623
Initialize mono
Mono path[0] = 'D:/Unity/2022.3.15f1/Editor/Data/Managed'
Mono path[1] = 'D:/Unity/2022.3.15f1/Editor/Data/MonoBleedingEdge/lib/mono/unityjit-win32'
Mono config path = 'D:/Unity/2022.3.15f1/Editor/Data/MonoBleedingEdge/etc'
Using monoOptions --debugger-agent=transport=dt_socket,embedding=1,server=y,suspend=n,address=127.0.0.1:56968
Begin MonoManager ReloadAssembly
Registering precompiled unity dll's ...
Register platform support module: D:/Unity/2022.3.15f1/Editor/Data/PlaybackEngines/WindowsStandaloneSupport/UnityEditor.WindowsStandalone.Extensions.dll
Registered in 0.006855 seconds.
- Loaded All Assemblies, in  0.433 seconds
Native extension for WindowsStandalone target not found
Mono: successfully reloaded assembly
- Finished resetting the current domain, in  0.241 seconds
Domain Reload Profiling: 674ms
	BeginReloadAssembly (199ms)
		ExecutionOrderSort (0ms)
		DisableScriptedObjects (0ms)
		BackupInstance (0ms)
		ReleaseScriptingObjects (0ms)
		CreateAndSetChildDomain (1ms)
	RebuildCommonClasses (33ms)
	RebuildNativeTypeToScriptingClass (10ms)
	initialDomainReloadingComplete (52ms)
	LoadAllAssembliesAndSetupDomain (139ms)
		LoadAssemblies (198ms)
		RebuildTransferFunctionScriptingTraits (0ms)
		AnalyzeDomain (137ms)
			TypeCache.Refresh (135ms)
				TypeCache.ScanAssembly (117ms)
			ScanForSourceGeneratedMonoScriptInfo (0ms)
			ResolveRequiredComponents (0ms)
	FinalizeReload (241ms)
		ReleaseScriptCaches (0ms)
		RebuildScriptCaches (0ms)
		SetupLoadedEditorAssemblies (190ms)
			LogAssemblyErrors (0ms)
			InitializePlatformSupportModulesInManaged (7ms)
			SetLoadedEditorAssemblies (6ms)
			RefreshPlugins (0ms)
			BeforeProcessingInitializeOnLoad (2ms)
			ProcessInitializeOnLoadAttributes (131ms)
			ProcessInitializeOnLoadMethodAttributes (43ms)
			AfterProcessingInitializeOnLoad (0ms)
			EditorAssembliesLoaded (0ms)
		ExecutionOrderSort2 (0ms)
		AwakeInstancesAfterBackupRestoration (0ms)
========================================================================
Worker process is ready to serve import requests
Begin MonoManager ReloadAssembly
- Loaded All Assemblies, in  0.474 seconds
Refreshing native plugins compatible for Editor in 3.86 ms, found 5 plugins.
Native extension for WindowsStandalone target not found
Mono: successfully reloaded assembly
- Finished resetting the current domain, in  0.433 seconds
Domain Reload Profiling: 905ms
	BeginReloadAssembly (155ms)
		ExecutionOrderSort (0ms)
		DisableScriptedObjects (5ms)
		BackupInstance (0ms)
		ReleaseScriptingObjects (0ms)
		CreateAndSetChildDomain (19ms)
	RebuildCommonClasses (33ms)
	RebuildNativeTypeToScriptingClass (10ms)
	initialDomainReloadingComplete (31ms)
	LoadAllAssembliesAndSetupDomain (243ms)
		LoadAssemblies (272ms)
		RebuildTransferFunctionScriptingTraits (0ms)
		AnalyzeDomain (71ms)
			TypeCache.Refresh (51ms)
				TypeCache.ScanAssembly (46ms)
			ScanForSourceGeneratedMonoScriptInfo (12ms)
			ResolveRequiredComponents (7ms)
	FinalizeReload (433ms)
		ReleaseScriptCaches (0ms)
		RebuildScriptCaches (0ms)
		SetupLoadedEditorAssemblies (293ms)
			LogAssemblyErrors (0ms)
			InitializePlatformSupportModulesInManaged (4ms)
			SetLoadedEditorAssemblies (3ms)
			RefreshPlugins (0ms)
			BeforeProcessingInitializeOnLoad (53ms)
			ProcessInitializeOnLoadAttributes (160ms)
			ProcessInitializeOnLoadMethodAttributes (71ms)
			AfterProcessingInitializeOnLoad (2ms)
			EditorAssembliesLoaded (0ms)
		ExecutionOrderSort2 (0ms)
		AwakeInstancesAfterBackupRestoration (7ms)
Launched and connected shader compiler UnityShaderCompiler.exe after 0.14 seconds
Refreshing native plugins compatible for Editor in 6.00 ms, found 5 plugins.
Preloading 0 native plugins for Editor in 0.00 ms.
Unloading 2691 Unused Serialized files (Serialized files now loaded: 0)
Unloading 56 unused Assets / (1.1 MB). Loaded Objects now: 3185.
Memory consumption went from 209.8 MB to 208.7 MB.
Total: 3.889300 ms (FindLiveObjects: 0.294000 ms CreateObjectMapping: 0.075900 ms MarkObjects: 2.936000 ms  DeleteObjects: 0.582200 ms)

AssetImportParameters requested are different than current active one (requested -> active):
  custom:video-decoder-webm-vp8: 9c59270c3fd7afecdb556c50c9e8de78 -> 
  custom:SearchIndexIgnoredProperties: e643bd26f0fe6173181afceb89e7c659 -> 
  custom:container-demuxer-ogg: 62fdf1f143b41e24485cea50d1cbac27 -> 
  custom:AudioImporter_EditorPlatform: d09bf68614088b80899f8185d706f6e7 -> 
  custom:video-decoder-ogg-theora: a1e56fd34408186e4bbccfd4996cb3dc -> 
  custom:framework-win-MediaFoundation: 216162199b28c13a410421893ffa2e32 -> 
  custom:video-encoder-webm-vp8: eb34c28f22e8b96e1ab97ce403110664 -> 
  custom:audio-decoder-ogg-vorbis: bf7c407c2cedff20999df2af8eb42d56 -> 
  custom:CustomObjectIndexerAttribute: 43b350a4d6e6d1791af0b5038c4bea17 -> 
  custom:container-demuxer-webm: 4f35f7cbe854078d1ac9338744f61a02 -> 
  custom:audio-encoder-webm-vorbis: bf7c407c2cedff20999df2af8eb42d56 -> 
  custom:container-muxer-webm: aa71ff27fc2769a1b78a27578f13a17b -> 
========================================================================
Received Import Request.
  Time since last request: 24327.761924 seconds.
  path: Assets/cavern-walls-unity/Materials
  artifactKey: Guid(20bff84d5ce03ca4cae6c51d8e7511a4) Importer(815301076,1909f56bfc062723c751e8b465ee728b)
Start importing Assets/cavern-walls-unity/Materials using Guid(20bff84d5ce03ca4cae6c51d8e7511a4) Importer(815301076,1909f56bfc062723c751e8b465ee728b)  -> (artifact id: '519f07c9e79ca4782ac62c96d41277bf') in 0.002655 seconds
Number of updated asset objects reloaded before import = 0
Number of asset objects unloaded after import = 0
========================================================================
Received Import Request.
  Time since last request: 0.041854 seconds.
  path: Assets/cavern-walls-unity/Materials/cavern-walls_ao.mat
  artifactKey: Guid(1f3d5e47f46dc0a419626acd4460b002) Importer(815301076,1909f56bfc062723c751e8b465ee728b)
Start importing Assets/cavern-walls-unity/Materials/cavern-walls_ao.mat using Guid(1f3d5e47f46dc0a419626acd4460b002) Importer(815301076,1909f56bfc062723c751e8b465ee728b)  -> (artifact id: '9cb51ef602a0ed481160024f8ff08198') in 0.172162 seconds
Number of updated asset objects reloaded before import = 0
Number of asset objects unloaded after import = 2
========================================================================
Received Import Request.
  Time since last request: 4.153563 seconds.
  path: Assets/shaders-stylised-lava-main/shaders-stylised-lava-main/ProjectSettings/AudioManager.asset
  artifactKey: Guid(e50a08a7be187a643bfd4049e4155c0b) Importer(815301076,1909f56bfc062723c751e8b465ee728b)
Start importing Assets/shaders-stylised-lava-main/shaders-stylised-lava-main/ProjectSettings/AudioManager.asset using Guid(e50a08a7be187a643bfd4049e4155c0b) Importer(815301076,1909f56bfc062723c751e8b465ee728b)  -> (artifact id: '07d3d9982b65ec6531d67d269cc111d3') in 0.000936 seconds
Number of updated asset objects reloaded before import = 0
Number of asset objects unloaded after import = 0
========================================================================
Received Import Request.
  Time since last request: 0.007402 seconds.
  path: Assets/shaders-stylised-lava-main/shaders-stylised-lava-main/ProjectSettings/ClusterInputManager.asset
  artifactKey: Guid(72854b3392413914bb794b25ff9eaa22) Importer(815301076,1909f56bfc062723c751e8b465ee728b)
Start importing Assets/shaders-stylised-lava-main/shaders-stylised-lava-main/ProjectSettings/ClusterInputManager.asset using Guid(72854b3392413914bb794b25ff9eaa22) Importer(815301076,1909f56bfc062723c751e8b465ee728b)  -> (artifact id: '18fdea3cd77d94897b41e900ce9bd766') in 0.000905 seconds
Number of updated asset objects reloaded before import = 0
Number of asset objects unloaded after import = 0
========================================================================
Received Import Request.
  Time since last request: 0.000418 seconds.
  path: Assets/shaders-stylised-lava-main/shaders-stylised-lava-main/ProjectSettings/EditorBuildSettings.asset
  artifactKey: Guid(06fe975e434a1de449cd4b618bee491e) Importer(815301076,1909f56bfc062723c751e8b465ee728b)
Start importing Assets/shaders-stylised-lava-main/shaders-stylised-lava-main/ProjectSettings/EditorBuildSettings.asset using Guid(06fe975e434a1de449cd4b618bee491e) Importer(815301076,1909f56bfc062723c751e8b465ee728b)  -> (artifact id: 'cc515beed71e00e2c6a61eba34842e8f') in 0.000888 seconds
Number of updated asset objects reloaded before import = 0
Number of asset objects unloaded after import = 0
========================================================================
Received Import Request.
  Time since last request: 0.000308 seconds.
  path: Assets/shaders-stylised-lava-main/shaders-stylised-lava-main/ProjectSettings/GraphicsSettings.asset
  artifactKey: Guid(e0d2a8c36e79655449f24838e0faee18) Importer(815301076,1909f56bfc062723c751e8b465ee728b)
Start importing Assets/shaders-stylised-lava-main/shaders-stylised-lava-main/ProjectSettings/GraphicsSettings.asset using Guid(e0d2a8c36e79655449f24838e0faee18) Importer(815301076,1909f56bfc062723c751e8b465ee728b)  -> (artifact id: '035bae3858cd3b0d5d8b38eb8f6bdff7') in 0.000867 seconds
Number of updated asset objects reloaded before import = 0
Number of asset objects unloaded after import = 0
========================================================================
Received Import Request.
  Time since last request: 0.000539 seconds.
  path: Assets/shaders-stylised-lava-main/shaders-stylised-lava-main/ProjectSettings/MemorySettings.asset
  artifactKey: Guid(1e27a554b82d4ed4c9376d902954d629) Importer(815301076,1909f56bfc062723c751e8b465ee728b)
Start importing Assets/shaders-stylised-lava-main/shaders-stylised-lava-main/ProjectSettings/MemorySettings.asset using Guid(1e27a554b82d4ed4c9376d902954d629) Importer(815301076,1909f56bfc062723c751e8b465ee728b)  -> (artifact id: '68d32e4f177812e45d708b13e35781ed') in 0.000852 seconds
Number of updated asset objects reloaded before import = 0
Number of asset objects unloaded after import = 0
========================================================================
Received Import Request.
  Time since last request: 0.000455 seconds.
  path: Assets/shaders-stylised-lava-main/shaders-stylised-lava-main/ProjectSettings/PackageManagerSettings.asset
  artifactKey: Guid(d18c5a09fe67ee44e9f13c7483adde10) Importer(815301076,1909f56bfc062723c751e8b465ee728b)
Start importing Assets/shaders-stylised-lava-main/shaders-stylised-lava-main/ProjectSettings/PackageManagerSettings.asset using Guid(d18c5a09fe67ee44e9f13c7483adde10) Importer(815301076,1909f56bfc062723c751e8b465ee728b)  -> (artifact id: 'fe56de32206dbcc16394908aba19ea3d') in 0.000836 seconds
Number of updated asset objects reloaded before import = 0
Number of asset objects unloaded after import = 0
========================================================================
Received Import Request.
  Time since last request: 0.000144 seconds.
  path: Assets/shaders-stylised-lava-main/shaders-stylised-lava-main/ProjectSettings/PresetManager.asset
  artifactKey: Guid(60fa85493b1349047a4962946f2b15b3) Importer(815301076,1909f56bfc062723c751e8b465ee728b)
Start importing Assets/shaders-stylised-lava-main/shaders-stylised-lava-main/ProjectSettings/PresetManager.asset using Guid(60fa85493b1349047a4962946f2b15b3) Importer(815301076,1909f56bfc062723c751e8b465ee728b)  -> (artifact id: '59499024440d765f1560ffba0298d01c') in 0.000815 seconds
Number of updated asset objects reloaded before import = 0
Number of asset objects unloaded after import = 0
========================================================================
Received Import Request.
  Time since last request: 0.001472 seconds.
  path: Assets/shaders-stylised-lava-main/shaders-stylised-lava-main/ProjectSettings/QualitySettings.asset
  artifactKey: Guid(f0ee292a6bd822246a84bfc4b84a3ef8) Importer(815301076,1909f56bfc062723c751e8b465ee728b)
Start importing Assets/shaders-stylised-lava-main/shaders-stylised-lava-main/ProjectSettings/QualitySettings.asset using Guid(f0ee292a6bd822246a84bfc4b84a3ef8) Importer(815301076,1909f56bfc062723c751e8b465ee728b)  -> (artifact id: 'c6503ecf14ccb6d81dfa67a9d333c28a') in 0.000905 seconds
Number of updated asset objects reloaded before import = 0
Number of asset objects unloaded after import = 0
========================================================================
Received Import Request.
  Time since last request: 0.000424 seconds.
  path: Assets/shaders-stylised-lava-main/shaders-stylised-lava-main/ProjectSettings/TagManager.asset
  artifactKey: Guid(9f5d84934c1d31448bb453bb6431a579) Importer(815301076,1909f56bfc062723c751e8b465ee728b)
Start importing Assets/shaders-stylised-lava-main/shaders-stylised-lava-main/ProjectSettings/TagManager.asset using Guid(9f5d84934c1d31448bb453bb6431a579) Importer(815301076,1909f56bfc062723c751e8b465ee728b)  -> (artifact id: 'b44a1c53706d2c837c973bac15cda45f') in 0.000848 seconds
Number of updated asset objects reloaded before import = 0
Number of asset objects unloaded after import = 0
========================================================================
Received Import Request.
  Time since last request: 0.000168 seconds.
  path: Assets/shaders-stylised-lava-main/shaders-stylised-lava-main/ProjectSettings/UnityConnectSettings.asset
  artifactKey: Guid(cebc05a2e2f48f0498b895b060d9f684) Importer(815301076,1909f56bfc062723c751e8b465ee728b)
Start importing Assets/shaders-stylised-lava-main/shaders-stylised-lava-main/ProjectSettings/UnityConnectSettings.asset using Guid(cebc05a2e2f48f0498b895b060d9f684) Importer(815301076,1909f56bfc062723c751e8b465ee728b)  -> (artifact id: '8048a87d506eaa6ec4b67a2b79acebca') in 0.001014 seconds
Number of updated asset objects reloaded before import = 0
Number of asset objects unloaded after import = 0
========================================================================
Received Import Request.
  Time since last request: 0.000336 seconds.
  path: Assets/shaders-stylised-lava-main/shaders-stylised-lava-main/ProjectSettings/VFXManager.asset
  artifactKey: Guid(98d648ee779c1fb488fc033c94d772fd) Importer(815301076,1909f56bfc062723c751e8b465ee728b)
Start importing Assets/shaders-stylised-lava-main/shaders-stylised-lava-main/ProjectSettings/VFXManager.asset using Guid(98d648ee779c1fb488fc033c94d772fd) Importer(815301076,1909f56bfc062723c751e8b465ee728b)  -> (artifact id: '6da4886b8e4469471ca4ab52ec33e756') in 0.000673 seconds
Number of updated asset objects reloaded before import = 0
Number of asset objects unloaded after import = 0
========================================================================
Received Import Request.
  Time since last request: 0.000114 seconds.
  path: Assets/shaders-stylised-lava-main/shaders-stylised-lava-main/ProjectSettings/XRSettings.asset
  artifactKey: Guid(12e787538310eb4468ff7d93972bc2f6) Importer(815301076,1909f56bfc062723c751e8b465ee728b)
Start importing Assets/shaders-stylised-lava-main/shaders-stylised-lava-main/ProjectSettings/XRSettings.asset using Guid(12e787538310eb4468ff7d93972bc2f6) Importer(815301076,1909f56bfc062723c751e8b465ee728b) Failed to load 'C:/Users/Cubis/Documents/GitHub/Stu/New Unity Project (2)/Assets/shaders-stylised-lava-main/shaders-stylised-lava-main/ProjectSettings/XRSettings.asset'. File may be corrupted or was serialized with a newer version of Unity.
 -> (artifact id: '42aaf7b63d92c810ef1357972ff4eae9') in 0.001232 seconds
Number of updated asset objects reloaded before import = 0
Number of asset objects unloaded after import = 0
========================================================================
Received Import Request.
  Time since last request: 4.715404 seconds.
  path: Assets/shaders-stylised-lava-main/shaders-stylised-lava-main/Assets/Materials
  artifactKey: Guid(20d5edcf2e1e66e43b7c077d60743ce8) Importer(815301076,1909f56bfc062723c751e8b465ee728b)
Start importing Assets/shaders-stylised-lava-main/shaders-stylised-lava-main/Assets/Materials using Guid(20d5edcf2e1e66e43b7c077d60743ce8) Importer(815301076,1909f56bfc062723c751e8b465ee728b)  -> (artifact id: '11d42be9bb229257e5f5108a5d3f6ef7') in 0.000618 seconds
Number of updated asset objects reloaded before import = 0
Number of asset objects unloaded after import = 0
========================================================================
Received Import Request.
  Time since last request: 1.027468 seconds.
  path: Assets/shaders-stylised-lava-main/shaders-stylised-lava-main/Assets/Materials/Lava.mat
  artifactKey: Guid(03feb0679c046bf4a81b81751489fb7c) Importer(815301076,1909f56bfc062723c751e8b465ee728b)
Start importing Assets/shaders-stylised-lava-main/shaders-stylised-lava-main/Assets/Materials/Lava.mat using Guid(03feb0679c046bf4a81b81751489fb7c) Importer(815301076,1909f56bfc062723c751e8b465ee728b)  -> (artifact id: '27f5a7850146b747ca498570e7374c55') in 0.029384 seconds
Number of updated asset objects reloaded before import = 0
Number of asset objects unloaded after import = 5
========================================================================
Received Import Request.
  Time since last request: 15.990070 seconds.
  path: Assets/shaders-stylised-lava-main/shaders-stylised-lava-main/banner.png
  artifactKey: Guid(c187cdcdd5536c245adbceb63615bb6a) Importer(815301076,1909f56bfc062723c751e8b465ee728b)
Start importing Assets/shaders-stylised-lava-main/shaders-stylised-lava-main/banner.png using Guid(c187cdcdd5536c245adbceb63615bb6a) Importer(815301076,1909f56bfc062723c751e8b465ee728b)  -> (artifact id: 'a07f17fc890d63239bb82acd02cf4b1b') in 0.016754 seconds
Number of updated asset objects reloaded before import = 0
Number of asset objects unloaded after import = 2
========================================================================
Received Import Request.
  Time since last request: 4.185410 seconds.
  path: Assets/stylized-cave-wall1-unity/Materials/stylized-cave-wall1_albedo.mat
  artifactKey: Guid(3ea9fac38f38ecd4980537f206ae3149) Importer(815301076,1909f56bfc062723c751e8b465ee728b)
Start importing Assets/stylized-cave-wall1-unity/Materials/stylized-cave-wall1_albedo.mat using Guid(3ea9fac38f38ecd4980537f206ae3149) Importer(815301076,1909f56bfc062723c751e8b465ee728b)  -> (artifact id: '52f499096b9fb0214af66270fb355ebd') in 0.013233 seconds
Number of updated asset objects reloaded before import = 0
Number of asset objects unloaded after import = 2
========================================================================
Received Import Request.
  Time since last request: 0.000018 seconds.
  path: Assets/stylized-cave-wall1-unity/Materials/stylized-cave-wall1_preview.mat
  artifactKey: Guid(989bb2eb285354d4ea26ada6191689b1) Importer(815301076,1909f56bfc062723c751e8b465ee728b)
Start importing Assets/stylized-cave-wall1-unity/Materials/stylized-cave-wall1_preview.mat using Guid(989bb2eb285354d4ea26ada6191689b1) Importer(815301076,1909f56bfc062723c751e8b465ee728b)  -> (artifact id: '0c4f93108a96b93b4918ab913477a43c') in 0.011582 seconds
Number of updated asset objects reloaded before import = 0
Number of asset objects unloaded after import = 2
Editor requested this worker to shutdown with reason: Scaling down because of idle timeout
TcpMessagingSession - receive error: operation aborted. errorcode: 995, details: The I/O operation has been aborted because of either a thread exit or an application request.
AssetImportWorker is now disconnected from the server
Process exiting
Exiting without the bug reporter. Application will terminate with return code 0